<?xml version="1.0" encoding="UTF-8"?>
<robot generator="Robot 7.1 (Python 3.9.2 on win32)" generated="2024-09-10T14:10:55.064851" rpa="false" schemaversion="5">
<suite id="s1" name="Htk" source="C:\Users\vanauma\projects\htk_2024_robot\test\htk.robot">
<test id="s1-t1" name="Open Test Website And Close Browser" line="10">
<kw name="Open Test Website In Chrome">
<kw name="Open Browser" owner="SeleniumLibrary">
<msg time="2024-09-10T14:10:55.639583" level="INFO">Opening browser 'Edge' to base url 'https://www.amazon.com/'.</msg>
<arg>${WEBSITE URL}</arg>
<arg>${BROWSER}</arg>
<doc>Opens a new browser instance to the optional ``url``.</doc>
<status status="PASS" start="2024-09-10T14:10:55.639583" elapsed="5.112092"/>
</kw>
<kw name="Sleep" owner="BuiltIn">
<msg time="2024-09-10T14:11:02.762976" level="INFO">Slept 2 seconds.</msg>
<arg>2</arg>
<doc>Pauses the test executed for the given time.</doc>
<status status="PASS" start="2024-09-10T14:11:00.751675" elapsed="2.011301"/>
</kw>
<kw name="Title Should Be" owner="SeleniumLibrary">
<msg time="2024-09-10T14:11:02.995426" level="INFO" html="true">&lt;/td&gt;&lt;/tr&gt;&lt;tr&gt;&lt;td colspan="3"&gt;&lt;a href="selenium-screenshot-1.png"&gt;&lt;img src="selenium-screenshot-1.png" width="800px"&gt;&lt;/a&gt;</msg>
<msg time="2024-09-10T14:11:02.995426" level="FAIL">Title should have been 'Amazon.com. Spend less. Smile more.' but was 'Amazon.com'.</msg>
<arg>Amazon.com. Spend less. Smile more.</arg>
<doc>Verifies that the current page title equals ``title``.</doc>
<status status="FAIL" start="2024-09-10T14:11:02.762976" elapsed="0.239074">Title should have been 'Amazon.com. Spend less. Smile more.' but was 'Amazon.com'.</status>
</kw>
<status status="FAIL" start="2024-09-10T14:10:55.633476" elapsed="7.370699">Title should have been 'Amazon.com. Spend less. Smile more.' but was 'Amazon.com'.</status>
</kw>
<kw name="Close Browser" owner="SeleniumLibrary" type="TEARDOWN">
<doc>Closes the current browser.</doc>
<status status="PASS" start="2024-09-10T14:11:03.004175" elapsed="2.315844"/>
</kw>
<status status="FAIL" start="2024-09-10T14:10:55.633476" elapsed="9.686543">Title should have been 'Amazon.com. Spend less. Smile more.' but was 'Amazon.com'.</status>
</test>
<doc>Simple example using SeleniumLibrary.</doc>
<status status="FAIL" start="2024-09-10T14:10:55.064851" elapsed="10.255168"/>
</suite>
<statistics>
<total>
<stat pass="0" fail="1" skip="0">All Tests</stat>
</total>
<tag>
</tag>
<suite>
<stat pass="0" fail="1" skip="0" id="s1" name="Htk">Htk</stat>
</suite>
</statistics>
<errors>
</errors>
</robot>
